\BOOKMARK [0][-]{chapter*.3}{Lista de Figuras}{}% 1
\BOOKMARK [0][-]{chapter*.4}{Lista de Tabelas}{}% 2
\BOOKMARK [0][-]{chapter*.5}{Lista de abreviaturas e siglas}{}% 3
\BOOKMARK [0][-]{chapter.listoftables.1}{Introdu\347\343o}{}% 4
\BOOKMARK [1][-]{section.listoftables.1.1}{Objetivos}{chapter.listoftables.1}% 5
\BOOKMARK [2][-]{subsection.listoftables.1.1.1}{Objetivos espec\355ficos}{section.listoftables.1.1}% 6
\BOOKMARK [1][-]{section.listoftables.1.2}{Organiza\347\343o do Documento}{chapter.listoftables.1}% 7
\BOOKMARK [0][-]{chapter.listoftables.2}{Fundamenta\347\343o}{}% 8
\BOOKMARK [1][-]{section.listoftables.2.1}{Computa\347\343o Orientada a Servi\347os - SOC}{chapter.listoftables.2}% 9
\BOOKMARK [1][-]{section.listoftables.2.2}{Orquestra\347\343o X Coreografia}{chapter.listoftables.2}% 10
\BOOKMARK [2][-]{subsection.listoftables.2.2.1}{Padr\343o de intera\347\343o autom\341tica}{section.listoftables.2.2}% 11
\BOOKMARK [2][-]{subsection.listoftables.2.2.2}{Servi\347os Web}{section.listoftables.2.2}% 12
\BOOKMARK [2][-]{subsection.listoftables.2.2.3}{Linguagens de Orquestra\347\343o}{section.listoftables.2.2}% 13
\BOOKMARK [2][-]{subsection.listoftables.2.2.4}{Model Dirven Architecture}{section.listoftables.2.2}% 14
\BOOKMARK [2][-]{subsection.listoftables.2.2.5}{Modelos}{section.listoftables.2.2}% 15
\BOOKMARK [2][-]{subsection.listoftables.2.2.6}{Computation Independent Model \(CIM\)}{section.listoftables.2.2}% 16
\BOOKMARK [2][-]{subsection.listoftables.2.2.7}{Platform Independent Mode - PIM}{section.listoftables.2.2}% 17
\BOOKMARK [2][-]{subsection.listoftables.2.2.8}{Platform Specific Mode - PSM}{section.listoftables.2.2}% 18
\BOOKMARK [0][-]{chapter.listoftables.3}{Trabalhos relacionados}{}% 19
\BOOKMARK [1][-]{section.listoftables.3.1}{Transforming Business Requirements into BPEL: a MDA-Based Approach to Web Application Development}{chapter.listoftables.3}% 20
\BOOKMARK [1][-]{section.listoftables.3.2}{Towards a Service-Oriented MDA-Based Approach to the Aalignment of Business Processes With it Systems: From The Business Model to a Web Service Compositon Model}{chapter.listoftables.3}% 21
\BOOKMARK [1][-]{section.listoftables.3.3}{A Methodology for Building Reliable Service-Based Applications}{chapter.listoftables.3}% 22
\BOOKMARK [0][-]{chapter.listoftables.4}{Estendendo -SOD-M para a plataforma WS-BPEL 2.0}{}% 23
\BOOKMARK [1][-]{section.listoftables.4.1}{Meta-modelo WS-BPEL}{chapter.listoftables.4}% 24
\BOOKMARK [2][-]{subsection.listoftables.4.1.1}{Web Services-Business Process Executation Language}{section.listoftables.4.1}% 25
\BOOKMARK [1][-]{section.listoftables.4.2}{WS-BPEL no contexto -SOD-M}{chapter.listoftables.4}% 26
\BOOKMARK [1][-]{section.listoftables.4.3}{Adapta\347\343o -Sercive Composition Model}{chapter.listoftables.4}% 27
\BOOKMARK [1][-]{section.listoftables.4.4}{Transforma\347\343o PIM-PSM \(WS-BPEL\)}{chapter.listoftables.4}% 28
\BOOKMARK [2][-]{subsection.listoftables.4.4.1}{Regras de Transforma\347\343o \(Plugin Module\)}{section.listoftables.4.4}% 29
\BOOKMARK [1][-]{section.listoftables.4.5}{Compara\347\343o da gera\347\343o de c\363digo WS-BPEL e -PEWS}{chapter.listoftables.4}% 30
\BOOKMARK [0][-]{chapter.listoftables.5}{Avalia\347\343o \(Provas de Conceito\)}{}% 31
\BOOKMARK [1][-]{section.listoftables.5.1}{Estudo de Caso}{chapter.listoftables.5}% 32
\BOOKMARK [2][-]{subsection.listoftables.5.1.1}{To Publish Music}{section.listoftables.5.1}% 33
\BOOKMARK [2][-]{subsection.listoftables.5.1.2}{Crime Map}{section.listoftables.5.1}% 34
\BOOKMARK [2][-]{subsection.listoftables.5.1.3}{GesIMED}{section.listoftables.5.1}% 35
\BOOKMARK [1][-]{section.listoftables.5.2}{Resultados}{chapter.listoftables.5}% 36
\BOOKMARK [1][-]{section.listoftables.5.3}{Principais contribui\347\365es}{chapter.listoftables.5}% 37
\BOOKMARK [1][-]{section.listoftables.5.4}{Trabalhos futuros}{chapter.listoftables.5}% 38
\BOOKMARK [0][-]{section.listoftables.5.4}{Refer\352ncias Bibliogr\341ficas}{}% 39
